{
    "contracts/Testingrev.sol": {
        "l": {
            "31": 10,
            "32": 8,
            "36": 11,
            "37": 11,
            "41": 44,
            "42": 44,
            "46": 3,
            "47": 2,
            "48": 2,
            "52": 2,
            "53": 2,
            "57": 1,
            "58": 1,
            "62": 2,
            "63": 1,
            "64": 1,
            "65": 1,
            "66": 1,
            "70": 4,
            "71": 4,
            "75": 5,
            "76": 5,
            "77": 5,
            "78": 5,
            "86": 2,
            "87": 2,
            "89": 1,
            "90": 1,
            "91": 1,
            "92": 1,
            "96": 0,
            "97": 0,
            "98": 0,
            "99": 0,
            "100": 0
        },
        "path": "/home/vh/contractrev/contracts/Testingrev.sol",
        "s": {
            "1": 10,
            "2": 11,
            "3": 3,
            "4": 2,
            "5": 2,
            "6": 1,
            "7": 2,
            "8": 1,
            "9": 1,
            "10": 4,
            "11": 5,
            "12": 5,
            "13": 2,
            "14": 2,
            "15": 1,
            "16": 0,
            "17": 0,
            "18": 0
        },
        "b": {
            "1": [
                8,
                2
            ],
            "2": [
                11,
                0
            ],
            "3": [
                3,
                1
            ],
            "4": [
                2,
                1
            ],
            "5": [
                2,
                0
            ],
            "6": [
                1,
                0
            ],
            "7": [
                2,
                1
            ],
            "8": [
                1,
                1
            ],
            "9": [
                4,
                0
            ],
            "10": [
                5,
                0
            ],
            "11": [
                5,
                0
            ],
            "12": [
                2,
                0
            ],
            "13": [
                2,
                0
            ],
            "14": [
                1,
                1
            ],
            "15": [
                0,
                0
            ],
            "16": [
                0,
                0
            ]
        },
        "f": {
            "1": 10,
            "2": 11,
            "3": 44,
            "4": 3,
            "5": 2,
            "6": 1,
            "7": 2,
            "8": 4,
            "9": 5,
            "10": 2,
            "11": 0
        },
        "fnMap": {
            "1": {
                "name": "onlyOwner",
                "line": 30,
                "loc": {
                    "start": {
                        "line": 30,
                        "column": 4
                    },
                    "end": {
                        "line": 33,
                        "column": 4
                    }
                }
            },
            "2": {
                "name": "whenNotPaused",
                "line": 35,
                "loc": {
                    "start": {
                        "line": 35,
                        "column": 4
                    },
                    "end": {
                        "line": 38,
                        "column": 4
                    }
                }
            },
            "3": {
                "name": "constructor",
                "line": 40,
                "loc": {
                    "start": {
                        "line": 40,
                        "column": 4
                    },
                    "end": {
                        "line": 43,
                        "column": 4
                    }
                }
            },
            "4": {
                "name": "transferOwnership",
                "line": 45,
                "loc": {
                    "start": {
                        "line": 45,
                        "column": 4
                    },
                    "end": {
                        "line": 49,
                        "column": 4
                    }
                }
            },
            "5": {
                "name": "pause",
                "line": 51,
                "loc": {
                    "start": {
                        "line": 51,
                        "column": 4
                    },
                    "end": {
                        "line": 54,
                        "column": 4
                    }
                }
            },
            "6": {
                "name": "unpause",
                "line": 56,
                "loc": {
                    "start": {
                        "line": 56,
                        "column": 4
                    },
                    "end": {
                        "line": 59,
                        "column": 4
                    }
                }
            },
            "7": {
                "name": "mint",
                "line": 61,
                "loc": {
                    "start": {
                        "line": 61,
                        "column": 4
                    },
                    "end": {
                        "line": 67,
                        "column": 4
                    }
                }
            },
            "8": {
                "name": "approve",
                "line": 69,
                "loc": {
                    "start": {
                        "line": 69,
                        "column": 4
                    },
                    "end": {
                        "line": 72,
                        "column": 4
                    }
                }
            },
            "9": {
                "name": "transfer",
                "line": 74,
                "loc": {
                    "start": {
                        "line": 74,
                        "column": 4
                    },
                    "end": {
                        "line": 79,
                        "column": 4
                    }
                }
            },
            "10": {
                "name": "transferFrom",
                "line": 85,
                "loc": {
                    "start": {
                        "line": 81,
                        "column": 4
                    },
                    "end": {
                        "line": 93,
                        "column": 4
                    }
                }
            },
            "11": {
                "name": "burn",
                "line": 95,
                "loc": {
                    "start": {
                        "line": 95,
                        "column": 4
                    },
                    "end": {
                        "line": 101,
                        "column": 4
                    }
                }
            }
        },
        "statementMap": {
            "1": {
                "start": {
                    "line": 31,
                    "column": 8
                },
                "end": {
                    "line": 31,
                    "column": 72
                }
            },
            "2": {
                "start": {
                    "line": 36,
                    "column": 8
                },
                "end": {
                    "line": 36,
                    "column": 47
                }
            },
            "3": {
                "start": {
                    "line": 46,
                    "column": 8
                },
                "end": {
                    "line": 46,
                    "column": 57
                }
            },
            "4": {
                "start": {
                    "line": 47,
                    "column": 8
                },
                "end": {
                    "line": 47,
                    "column": 50
                }
            },
            "5": {
                "start": {
                    "line": 53,
                    "column": 8
                },
                "end": {
                    "line": 53,
                    "column": 20
                }
            },
            "6": {
                "start": {
                    "line": 58,
                    "column": 8
                },
                "end": {
                    "line": 58,
                    "column": 22
                }
            },
            "7": {
                "start": {
                    "line": 62,
                    "column": 8
                },
                "end": {
                    "line": 62,
                    "column": 52
                }
            },
            "8": {
                "start": {
                    "line": 65,
                    "column": 8
                },
                "end": {
                    "line": 65,
                    "column": 30
                }
            },
            "9": {
                "start": {
                    "line": 66,
                    "column": 8
                },
                "end": {
                    "line": 66,
                    "column": 46
                }
            },
            "10": {
                "start": {
                    "line": 71,
                    "column": 8
                },
                "end": {
                    "line": 71,
                    "column": 51
                }
            },
            "11": {
                "start": {
                    "line": 75,
                    "column": 8
                },
                "end": {
                    "line": 75,
                    "column": 71
                }
            },
            "12": {
                "start": {
                    "line": 78,
                    "column": 8
                },
                "end": {
                    "line": 78,
                    "column": 46
                }
            },
            "13": {
                "start": {
                    "line": 86,
                    "column": 8
                },
                "end": {
                    "line": 86,
                    "column": 66
                }
            },
            "14": {
                "start": {
                    "line": 87,
                    "column": 8
                },
                "end": {
                    "line": 87,
                    "column": 76
                }
            },
            "15": {
                "start": {
                    "line": 92,
                    "column": 8
                },
                "end": {
                    "line": 92,
                    "column": 41
                }
            },
            "16": {
                "start": {
                    "line": 96,
                    "column": 8
                },
                "end": {
                    "line": 96,
                    "column": 71
                }
            },
            "17": {
                "start": {
                    "line": 99,
                    "column": 8
                },
                "end": {
                    "line": 99,
                    "column": 37
                }
            },
            "18": {
                "start": {
                    "line": 100,
                    "column": 8
                },
                "end": {
                    "line": 100,
                    "column": 53
                }
            }
        },
        "branchMap": {
            "1": {
                "line": 31,
                "type": "if",
                "locations": [
                    {
                        "start": {
                            "line": 31,
                            "column": 8
                        },
                        "end": {
                            "line": 31,
                            "column": 8
                        }
                    },
                    {
                        "start": {
                            "line": 31,
                            "column": 8
                        },
                        "end": {
                            "line": 31,
                            "column": 8
                        }
                    }
                ]
            },
            "2": {
                "line": 36,
                "type": "if",
                "locations": [
                    {
                        "start": {
                            "line": 36,
                            "column": 8
                        },
                        "end": {
                            "line": 36,
                            "column": 8
                        }
                    },
                    {
                        "start": {
                            "line": 36,
                            "column": 8
                        },
                        "end": {
                            "line": 36,
                            "column": 8
                        }
                    }
                ]
            },
            "3": {
                "line": 45,
                "type": "if",
                "locations": [
                    {
                        "start": {
                            "line": 45,
                            "column": 56
                        },
                        "end": {
                            "line": 45,
                            "column": 56
                        }
                    },
                    {
                        "start": {
                            "line": 45,
                            "column": 56
                        },
                        "end": {
                            "line": 45,
                            "column": 56
                        }
                    }
                ]
            },
            "4": {
                "line": 46,
                "type": "if",
                "locations": [
                    {
                        "start": {
                            "line": 46,
                            "column": 8
                        },
                        "end": {
                            "line": 46,
                            "column": 8
                        }
                    },
                    {
                        "start": {
                            "line": 46,
                            "column": 8
                        },
                        "end": {
                            "line": 46,
                            "column": 8
                        }
                    }
                ]
            },
            "5": {
                "line": 51,
                "type": "if",
                "locations": [
                    {
                        "start": {
                            "line": 51,
                            "column": 28
                        },
                        "end": {
                            "line": 51,
                            "column": 28
                        }
                    },
                    {
                        "start": {
                            "line": 51,
                            "column": 28
                        },
                        "end": {
                            "line": 51,
                            "column": 28
                        }
                    }
                ]
            },
            "6": {
                "line": 56,
                "type": "if",
                "locations": [
                    {
                        "start": {
                            "line": 56,
                            "column": 30
                        },
                        "end": {
                            "line": 56,
                            "column": 30
                        }
                    },
                    {
                        "start": {
                            "line": 56,
                            "column": 30
                        },
                        "end": {
                            "line": 56,
                            "column": 30
                        }
                    }
                ]
            },
            "7": {
                "line": 61,
                "type": "if",
                "locations": [
                    {
                        "start": {
                            "line": 61,
                            "column": 54
                        },
                        "end": {
                            "line": 61,
                            "column": 54
                        }
                    },
                    {
                        "start": {
                            "line": 61,
                            "column": 54
                        },
                        "end": {
                            "line": 61,
                            "column": 54
                        }
                    }
                ]
            },
            "8": {
                "line": 62,
                "type": "if",
                "locations": [
                    {
                        "start": {
                            "line": 62,
                            "column": 8
                        },
                        "end": {
                            "line": 62,
                            "column": 8
                        }
                    },
                    {
                        "start": {
                            "line": 62,
                            "column": 8
                        },
                        "end": {
                            "line": 62,
                            "column": 8
                        }
                    }
                ]
            },
            "9": {
                "line": 69,
                "type": "if",
                "locations": [
                    {
                        "start": {
                            "line": 69,
                            "column": 62
                        },
                        "end": {
                            "line": 69,
                            "column": 62
                        }
                    },
                    {
                        "start": {
                            "line": 69,
                            "column": 62
                        },
                        "end": {
                            "line": 69,
                            "column": 62
                        }
                    }
                ]
            },
            "10": {
                "line": 74,
                "type": "if",
                "locations": [
                    {
                        "start": {
                            "line": 74,
                            "column": 58
                        },
                        "end": {
                            "line": 74,
                            "column": 58
                        }
                    },
                    {
                        "start": {
                            "line": 74,
                            "column": 58
                        },
                        "end": {
                            "line": 74,
                            "column": 58
                        }
                    }
                ]
            },
            "11": {
                "line": 75,
                "type": "if",
                "locations": [
                    {
                        "start": {
                            "line": 75,
                            "column": 8
                        },
                        "end": {
                            "line": 75,
                            "column": 8
                        }
                    },
                    {
                        "start": {
                            "line": 75,
                            "column": 8
                        },
                        "end": {
                            "line": 75,
                            "column": 8
                        }
                    }
                ]
            },
            "12": {
                "line": 85,
                "type": "if",
                "locations": [
                    {
                        "start": {
                            "line": 85,
                            "column": 13
                        },
                        "end": {
                            "line": 85,
                            "column": 13
                        }
                    },
                    {
                        "start": {
                            "line": 85,
                            "column": 13
                        },
                        "end": {
                            "line": 85,
                            "column": 13
                        }
                    }
                ]
            },
            "13": {
                "line": 86,
                "type": "if",
                "locations": [
                    {
                        "start": {
                            "line": 86,
                            "column": 8
                        },
                        "end": {
                            "line": 86,
                            "column": 8
                        }
                    },
                    {
                        "start": {
                            "line": 86,
                            "column": 8
                        },
                        "end": {
                            "line": 86,
                            "column": 8
                        }
                    }
                ]
            },
            "14": {
                "line": 87,
                "type": "if",
                "locations": [
                    {
                        "start": {
                            "line": 87,
                            "column": 8
                        },
                        "end": {
                            "line": 87,
                            "column": 8
                        }
                    },
                    {
                        "start": {
                            "line": 87,
                            "column": 8
                        },
                        "end": {
                            "line": 87,
                            "column": 8
                        }
                    }
                ]
            },
            "15": {
                "line": 95,
                "type": "if",
                "locations": [
                    {
                        "start": {
                            "line": 95,
                            "column": 41
                        },
                        "end": {
                            "line": 95,
                            "column": 41
                        }
                    },
                    {
                        "start": {
                            "line": 95,
                            "column": 41
                        },
                        "end": {
                            "line": 95,
                            "column": 41
                        }
                    }
                ]
            },
            "16": {
                "line": 96,
                "type": "if",
                "locations": [
                    {
                        "start": {
                            "line": 96,
                            "column": 8
                        },
                        "end": {
                            "line": 96,
                            "column": 8
                        }
                    },
                    {
                        "start": {
                            "line": 96,
                            "column": 8
                        },
                        "end": {
                            "line": 96,
                            "column": 8
                        }
                    }
                ]
            }
        }
    }
}