TN:
SF:/home/vh/contractrev/contracts/Testingrev.sol
FN:30,onlyOwner
FN:35,whenNotPaused
FN:40,constructor
FN:45,transferOwnership
FN:51,pause
FN:56,unpause
FN:61,mint
FN:69,approve
FN:74,transfer
FN:85,transferFrom
FN:95,burn
FNF:11
FNH:10
FNDA:10,onlyOwner
FNDA:11,whenNotPaused
FNDA:44,constructor
FNDA:3,transferOwnership
FNDA:2,pause
FNDA:1,unpause
FNDA:2,mint
FNDA:4,approve
FNDA:5,transfer
FNDA:2,transferFrom
FNDA:0,burn
DA:31,10
DA:32,8
DA:36,11
DA:37,11
DA:41,44
DA:42,44
DA:46,3
DA:47,2
DA:48,2
DA:52,2
DA:53,2
DA:57,1
DA:58,1
DA:62,2
DA:63,1
DA:64,1
DA:65,1
DA:66,1
DA:70,4
DA:71,4
DA:75,5
DA:76,5
DA:77,5
DA:78,5
DA:86,2
DA:87,2
DA:89,1
DA:90,1
DA:91,1
DA:92,1
DA:96,0
DA:97,0
DA:98,0
DA:99,0
DA:100,0
LF:35
LH:30
BRDA:31,1,0,8
BRDA:31,1,1,2
BRDA:36,2,0,11
BRDA:36,2,1,0
BRDA:45,3,0,3
BRDA:45,3,1,1
BRDA:46,4,0,2
BRDA:46,4,1,1
BRDA:51,5,0,2
BRDA:51,5,1,0
BRDA:56,6,0,1
BRDA:56,6,1,0
BRDA:61,7,0,2
BRDA:61,7,1,1
BRDA:62,8,0,1
BRDA:62,8,1,1
BRDA:69,9,0,4
BRDA:69,9,1,0
BRDA:74,10,0,5
BRDA:74,10,1,0
BRDA:75,11,0,5
BRDA:75,11,1,0
BRDA:85,12,0,2
BRDA:85,12,1,0
BRDA:86,13,0,2
BRDA:86,13,1,0
BRDA:87,14,0,1
BRDA:87,14,1,1
BRDA:95,15,0,0
BRDA:95,15,1,0
BRDA:96,16,0,0
BRDA:96,16,1,0
BRF:32
BRH:20
end_of_record
